INFO:root:Preprocessing data...
INFO:root:Downloading data...
DEBUG:urllib3.connectionpool:Starting new HTTP connection (1): cdr.a2i.gov.bd:80
DEBUG:urllib3.connectionpool:http://cdr.a2i.gov.bd:80 "GET /positive_case_data/ HTTP/1.1" 200 None
INFO:root:Calculating R(t)...
DEBUG:root:estimating Rt for Bandarban...
DEBUG:root:estimating Rt for Barguna...
DEBUG:root:estimating Rt for Barisal...
INFO:root:Preprocessing data...
INFO:root:Downloading data...
DEBUG:urllib3.connectionpool:Starting new HTTP connection (1): cdr.a2i.gov.bd:80
DEBUG:urllib3.connectionpool:http://cdr.a2i.gov.bd:80 "GET /positive_case_data/ HTTP/1.1" 200 None
INFO:root:Calculating R(t)...
DEBUG:root:estimating Rt for Bandarban...
INFO:root:Preprocessing data...
INFO:root:Downloading data...
DEBUG:urllib3.connectionpool:Starting new HTTP connection (1): cdr.a2i.gov.bd:80
DEBUG:urllib3.connectionpool:http://cdr.a2i.gov.bd:80 "GET /positive_case_data/ HTTP/1.1" 200 None
INFO:root:Calculating R(t)...
DEBUG:root:estimating Rt for Bandarban...
DEBUG:root:estimating Rt for Barguna...
DEBUG:root:estimating Rt for Barisal...
DEBUG:root:estimating Rt for Bhola...
DEBUG:root:estimating Rt for Bogra...
DEBUG:root:estimating Rt for Brahmanbaria...
DEBUG:root:estimating Rt for Chandpur...
DEBUG:root:estimating Rt for Chapai Nababganj...
DEBUG:root:estimating Rt for Chattogram...
DEBUG:root:estimating Rt for Chuadanga...
DEBUG:root:estimating Rt for Cox's Bazar...
DEBUG:root:estimating Rt for Cumilla...
DEBUG:root:estimating Rt for Dhaka City...
DEBUG:root:estimating Rt for Dinajpur...
DEBUG:root:estimating Rt for Faridpur...
DEBUG:root:estimating Rt for Feni...
DEBUG:root:estimating Rt for Gaibandha...
DEBUG:root:estimating Rt for Gazipur...
DEBUG:root:estimating Rt for Gopalganj...
DEBUG:root:estimating Rt for Habiganj...
DEBUG:root:estimating Rt for Jamalpur...
DEBUG:root:estimating Rt for Jessore...
DEBUG:root:estimating Rt for Jhalokati...
DEBUG:root:estimating Rt for Jhenaidah...
DEBUG:root:estimating Rt for Joypurhat...
DEBUG:root:estimating Rt for Khagrachhari...
DEBUG:root:estimating Rt for Khulna...
DEBUG:root:estimating Rt for Kishoregonj...
DEBUG:root:estimating Rt for Kurigram...
DEBUG:root:estimating Rt for Kushtia...
DEBUG:root:estimating Rt for Lakshmipur...
DEBUG:root:estimating Rt for Lalmonirhat...
DEBUG:root:estimating Rt for Madaripur...
DEBUG:root:estimating Rt for Magura...
DEBUG:root:estimating Rt for Manikganj...
DEBUG:root:estimating Rt for Meherpur...
DEBUG:root:estimating Rt for Moulvibazar...
DEBUG:root:estimating Rt for Munshiganj...
DEBUG:root:estimating Rt for Mymensingh...
DEBUG:root:estimating Rt for Naogaon...
DEBUG:root:estimating Rt for Narail...
DEBUG:root:estimating Rt for Narayanganj...
DEBUG:root:estimating Rt for Narsingdi...
DEBUG:root:estimating Rt for Natore...
DEBUG:root:estimating Rt for Netrakona...
DEBUG:root:estimating Rt for Nilphamari...
DEBUG:root:estimating Rt for Noakhali...
DEBUG:root:estimating Rt for Pabna...
DEBUG:root:estimating Rt for Panchagarh...
DEBUG:root:estimating Rt for Pirojpur...
DEBUG:root:estimating Rt for Potuakhali...
DEBUG:root:estimating Rt for Rajbari...
DEBUG:root:estimating Rt for Rajshahi...
DEBUG:root:estimating Rt for Rangamati...
DEBUG:root:estimating Rt for Rangpur...
DEBUG:root:estimating Rt for Satkhira...
DEBUG:root:estimating Rt for Shariatpur...
DEBUG:root:estimating Rt for Sherpur...
DEBUG:root:estimating Rt for Sirajganj...
DEBUG:root:estimating Rt for Sunamganj...
DEBUG:root:estimating Rt for Sylhet...
DEBUG:root:estimating Rt for Tangail...
DEBUG:root:estimating Rt for Thakurgaon...
DEBUG:root:estimating Rt for Grand Total...
INFO:root:Fixing the zone names...
